6.2931 	EXP 	Created window1 = Window(allowGUI=True, allowStencil=False, autoLog=True, backendConf=UNKNOWN, backgroundFit=<method-wrapper '__getattribute__' of attributeSetter object at 0x7fae69c1f4f0>, backgroundImage=<method-wrapper '__getattribute__' of attributeSetter object at 0x7fae69c1f490>, bitsMode=UNKNOWN, blendMode='avg', bpc=(8, 8, 8), color=array([0, 0, 0]), colorSpace='rgb', depthBits=8, fullscr=<method-wrapper '__getattribute__' of attributeSetter object at 0x7fae69c1f310>, gamma=None, gammaErrorPolicy='raise', lms=UNKNOWN, monitor=<psychopy.monitors.calibTools.Monitor object at 0x7fae69f83b20>, multiSample=False, name='window1', numSamples=2, pos=[0.0, 0.0], screen=0, size=array([1920, 1080]), stencilBits=0, stereo=False, title='PsychoPy', units='height', useFBO=True, useRetina=False, viewOri=0.0, viewPos=None, viewScale=None, waitBlanking=True, winType='pyglet')
6.2934 	EXP 	window1: mouseVisible = True
6.2935 	EXP 	window1: backgroundImage = ''
6.2935 	EXP 	window1: backgroundFit = 'none'
6.2968 	EXP 	window1: Attempting to measure frame rate of screen (0) ...
6.2969 	EXP 	window1: recordFrameIntervals = False
6.4254 	EXP 	window1: recordFrameIntervals = True
6.5724 	EXP 	Screen (0) actual frame rate measured at 75.48Hz
6.5725 	EXP 	window1: recordFrameIntervals = False
6.5743 	EXP 	window1: mouseVisible = False
8.5309 	EXP 	hcp_social-animation: status = STARTED
8.5314 	EXP 	window1: mouseVisible = True
8.5708 	EXP 	Created Intro = TextStim(__class__=<class 'psychopy.visual.text.TextStim'>, alignHoriz=method-wrapper(...), alignText='center', alignVert=method-wrapper(...), anchorHoriz='center', anchorVert='center', antialias=True, autoDraw=False, autoLog=True, bold=False, color=array([1., 1., 1.]), colorSpace='rgb', contrast=1.0, depth=0.0, draggable=False, flipHoriz=False, flipVert=False, font='Open Sans', fontFiles=[], height=0.05, italic=False, languageStyle='LTR', name='Intro', opacity=1.0, ori=0.0, pos=array([0., 0.]), rgb=UNKNOWN, text=str(...), units='height', win=Window(...), wrapWidth=1)
8.5762 	EXP 	window1: mouseVisible = True
8.7420 	EXP 	window1: mouseVisible = True
8.7463 	EXP 	Created resp_prompt = TextStim(__class__=<class 'psychopy.visual.text.TextStim'>, alignHoriz=method-wrapper(...), alignText='center', alignVert=method-wrapper(...), anchorHoriz='center', anchorVert='center', antialias=True, autoDraw=False, autoLog=True, bold=False, color=array([1., 1., 1.]), colorSpace='rgb', contrast=1.0, depth=0.0, draggable=False, flipHoriz=False, flipVert=False, font='Open Sans', fontFiles=[], height=0.05, italic=False, languageStyle='LTR', name='resp_prompt', opacity=1.0, ori=0.0, pos=array([0., 0.]), rgb=UNKNOWN, text='Social         Unsure         Non-social', units='height', win=Window(...), wrapWidth=1)
8.7464 	EXP 	window1: mouseVisible = True
8.7488 	EXP 	Created fixation = TextStim(__class__=<class 'psychopy.visual.text.TextStim'>, alignHoriz=method-wrapper(...), alignText='center', alignVert=method-wrapper(...), anchorHoriz='center', anchorVert='center', antialias=True, autoDraw=False, autoLog=True, bold=False, color=array([1., 1., 1.]), colorSpace='rgb', contrast=1.0, depth=0.0, draggable=False, flipHoriz=False, flipVert=False, font='Open Sans', fontFiles=[], height=0.1, italic=False, languageStyle='LTR', name='fixation', opacity=1.0, ori=0.0, pos=array([0., 0.]), rgb=UNKNOWN, text='+', units='height', win=Window(...), wrapWidth=1)
8.7489 	EXP 	window1: mouseVisible = True
8.7524 	EXP 	Created end_run_text = TextStim(__class__=<class 'psychopy.visual.text.TextStim'>, alignHoriz=method-wrapper(...), alignText='center', alignVert=method-wrapper(...), anchorHoriz='center', anchorVert='center', antialias=True, autoDraw=False, autoLog=True, bold=False, color=array([1., 1., 1.]), colorSpace='rgb', contrast=1.0, depth=0.0, draggable=False, flipHoriz=False, flipVert=False, font='Open Sans', fontFiles=[], height=0.05, italic=False, languageStyle='LTR', name='end_run_text', opacity=1.0, ori=0.0, pos=array([0., 0.]), rgb=UNKNOWN, text=str(...), units='height', win=Window(...), wrapWidth=1)
8.7525 	EXP 	window1: mouseVisible = True
8.7557 	EXP 	Created end_task_text = TextStim(__class__=<class 'psychopy.visual.text.TextStim'>, alignHoriz=method-wrapper(...), alignText='center', alignVert=method-wrapper(...), anchorHoriz='center', anchorVert='center', antialias=True, autoDraw=False, autoLog=True, bold=False, color=array([1., 1., 1.]), colorSpace='rgb', contrast=1.0, depth=0.0, draggable=False, flipHoriz=False, flipVert=False, font='Open Sans', fontFiles=[], height=0.05, italic=False, languageStyle='LTR', name='end_task_text', opacity=1.0, ori=0.0, pos=array([0., 0.]), rgb=UNKNOWN, text=str(...), units='height', win=Window(...), wrapWidth=1)
0.0055 	EXP 	video_stim: autoLog = True
0.0093 	EXP 	Intro: autoDraw = True
3.7512 	EXP 	Imported ../stimuli/stimuli_order.csv as conditions, 2 conditions, 2 params
3.7518 	EXP 	Created sequence: sequential, trialTypes=2, nReps=1, seed=None
3.7521 	EXP 	New trial (rep=0, index=0): OrderedDict([('runFile', '../stimuli/stimuli_order_run1.csv'), ('readyMsg', 'Run 1')])
3.7547 	EXP 	Imported ../stimuli/stimuli_order_run1.csv as conditions, 5 conditions, 3 params
3.7549 	EXP 	Created sequence: sequential, trialTypes=5, nReps=1, seed=None
3.7551 	EXP 	New trial (rep=0, index=0): OrderedDict([('run', 1), ('stimuli', '../stimuli/COAXING-B.AVI'), ('category', 'mental')])
3.9281 	DATA 	Keypress: space
3.9312 	EXP 	Intro: autoDraw = False
3.9312 	EXP 	video_stim: autoDraw = True
23.9073 	EXP 	video_stim: autoDraw = False
23.9073 	EXP 	resp_prompt: autoDraw = True
26.7595 	EXP 	resp_prompt: autoDraw = False
26.7595 	EXP 	fixation: autoDraw = True
27.5251 	DATA 	Keypress: escape
27.5907 	EXP 	hcp_social-animation: status = STOPPED
27.6008 	EXP 	fixation: autoDraw = False
27.6008 	EXP 	hcp_social-animation: status = STOPPED
27.6384 	EXP 	window1: mouseVisible = True
